1609459200,Event A
1609459210,Event B
1609459215,Event C
1609459230,Event D
1609459235,Event E
1609459240,Event F
1609459245,Event G
1609459270,Event H
1609459275,Event I
1609459290,Event J
1609459295,Event K
1609459320,Event L
1609459325,Event M
1609459330,Event N
1609459335,Event O
1609459340,Event P
1609459355,Event Q
1609459358,Event R
1609459360,Event S
INFO:root:Event 1: Something happened.
INFO:root:Event 2: Another event occurred.
INFO:root:Event 3: A third event took place.
INFO:root:Event 4: Yet another event.
